03.01.2017 06:19:00  |  User:   | ERROR: [8] Use of undefined constant BLL_USERS - assumed 'BLL_USERS'
Notice on line 2 in file /var/www/angular_findmenu/backend/modules/users/model/model/users_model.class.singleton.php

-> Controller: users | Funciton:response 200
03.01.2017 06:19:00  |  User:   | ERROR: [2] require(BLL_USERSusers_bll.class.singleton.php): failed to open stream: No such file or directory
Warning on line 2 in file /var/www/angular_findmenu/backend/modules/users/model/model/users_model.class.singleton.php

-> Controller: users | Funciton:response 200
03.01.2017 06:21:55  |  User:   | ERROR: [8] Use of undefined constant BLL_USERS - assumed 'BLL_USERS'
Notice on line 2 in file /var/www/angular_findmenu/backend/modules/users/model/model/users_model.class.singleton.php

-> Controller: users | Funciton:response 200
03.01.2017 06:21:55  |  User:   | ERROR: [2] require(BLL_USERSusers_bll.class.singleton.php): failed to open stream: No such file or directory
Warning on line 2 in file /var/www/angular_findmenu/backend/modules/users/model/model/users_model.class.singleton.php

-> Controller: users | Funciton:response 200
03.01.2017 06:22:58  |  User:   | ERROR: [8] Use of undefined constant BLL_USERS - assumed 'BLL_USERS'
Notice on line 2 in file /var/www/angular_findmenu/backend/modules/users/model/model/users_model.class.singleton.php

-> Controller: users | Funciton:response 200
03.01.2017 06:22:58  |  User:   | ERROR: [2] require(BLL_USERSusers_bll.class.singleton.php): failed to open stream: No such file or directory
Warning on line 2 in file /var/www/angular_findmenu/backend/modules/users/model/model/users_model.class.singleton.php

-> Controller: users | Funciton:response 200
03.01.2017 06:23:54  |  User:   | ERROR: [8] Use of undefined constant BLL_USERS - assumed 'BLL_USERS'
Notice on line 2 in file /var/www/angular_findmenu/backend/modules/users/model/model/users_model.class.singleton.php

-> Controller: users | Funciton:response 200
03.01.2017 06:23:54  |  User:   | ERROR: [2] require(BLL_USERSusers_bll.class.singleton.php): failed to open stream: No such file or directory
Warning on line 2 in file /var/www/angular_findmenu/backend/modules/users/model/model/users_model.class.singleton.php

-> Controller: users | Funciton:response 200
03.01.2017 06:23:56  |  User:   | ERROR: [8] Use of undefined constant BLL_USERS - assumed 'BLL_USERS'
Notice on line 2 in file /var/www/angular_findmenu/backend/modules/users/model/model/users_model.class.singleton.php

-> Controller: users | Funciton:response 200
03.01.2017 06:23:56  |  User:   | ERROR: [2] require(BLL_USERSusers_bll.class.singleton.php): failed to open stream: No such file or directory
Warning on line 2 in file /var/www/angular_findmenu/backend/modules/users/model/model/users_model.class.singleton.php

-> Controller: users | Funciton:response 200
03.01.2017 06:28:08  |  User:   | ERROR: [8] Use of undefined constant BLL_USERS - assumed 'BLL_USERS'
Notice on line 2 in file /var/www/angular_findmenu/backend/modules/users/model/model/users_model.class.singleton.php

-> Controller: users | Funciton:response 200
03.01.2017 06:28:08  |  User:   | ERROR: [2] require(BLL_USERSusers_bll.class.singleton.php): failed to open stream: No such file or directory
Warning on line 2 in file /var/www/angular_findmenu/backend/modules/users/model/model/users_model.class.singleton.php

-> Controller: users | Funciton:response 200
03.01.2017 06:29:53  |  User:   | ERROR: [8] Use of undefined constant BLL_USERS - assumed 'BLL_USERS'
Notice on line 2 in file /var/www/angular_findmenu/backend/modules/users/model/model/users_model.class.singleton.php

-> Controller: users | Funciton:response 200
03.01.2017 06:29:53  |  User:   | ERROR: [2] require(BLL_USERSusers_bll.class.singleton.php): failed to open stream: No such file or directory
Warning on line 2 in file /var/www/angular_findmenu/backend/modules/users/model/model/users_model.class.singleton.php

-> Controller: users | Funciton:response 200
03.01.2017 06:31:08  |  User:   | ERROR: [8] Use of undefined constant BLL_USERS - assumed 'BLL_USERS'
Notice on line 2 in file /var/www/angular_findmenu/backend/modules/users/model/model/users_model.class.singleton.php

-> Controller: users | Funciton:response 200
03.01.2017 06:31:08  |  User:   | ERROR: [2] require(BLL_USERSusers_bll.class.singleton.php): failed to open stream: No such file or directory
Warning on line 2 in file /var/www/angular_findmenu/backend/modules/users/model/model/users_model.class.singleton.php

-> Controller: users | Funciton:response 200
